<?xml version="1.0" encoding="UTF-8"?>
<testng-results ignored="1" total="4" passed="3" failed="0" skipped="0">
  <reporter-output>
  </reporter-output>
  <suite started-at="2024-06-27T11:22:46 IST" name="Suite" finished-at="2024-06-27T11:22:57 IST" duration-ms="11695">
    <groups>
    </groups>
    <test started-at="2024-06-27T11:22:46 IST" name="Test" finished-at="2024-06-27T11:22:46 IST" duration-ms="30">
    </test> <!-- Test -->
    <test started-at="2024-06-27T11:22:46 IST" name="Test1" finished-at="2024-06-27T11:22:53 IST" duration-ms="6711">
      <class name="com.Ecommerce.Scripts.Login_Check">
        <test-method signature="loginverification()[pri:0, instance:com.Ecommerce.Scripts.Login_Check@48aca48b]" started-at="2024-06-27T11:22:46 IST" name="loginverification" finished-at="2024-06-27T11:22:53 IST" duration-ms="6658" status="PASS">
          <reporter-output>
          </reporter-output>
        </test-method> <!-- loginverification -->
      </class> <!-- com.Ecommerce.Scripts.Login_Check -->
    </test> <!-- Test1 -->
    <test started-at="2024-06-27T11:22:53 IST" name="Test2" finished-at="2024-06-27T11:22:57 IST" duration-ms="4812">
      <class name="com.Ecommerce.Scripts.TestCase_Search">
        <test-method is-config="true" signature="setUpSuite()[pri:0, instance:com.Ecommerce.Scripts.TestCase_Search@73e9cf30]" started-at="2024-06-27T11:22:31 IST" name="setUpSuite" finished-at="2024-06-27T11:22:46 IST" duration-ms="15022" status="PASS">
          <reporter-output>
          </reporter-output>
        </test-method> <!-- setUpSuite -->
        <test-method signature="search()[pri:1, instance:com.Ecommerce.Scripts.TestCase_Search@73e9cf30]" started-at="2024-06-27T11:22:53 IST" name="search" finished-at="2024-06-27T11:22:56 IST" duration-ms="2876" status="PASS">
          <reporter-output>
          </reporter-output>
        </test-method> <!-- search -->
        <test-method signature="price_sorting()[pri:2, instance:com.Ecommerce.Scripts.TestCase_Search@73e9cf30]" started-at="2024-06-27T11:22:56 IST" name="price_sorting" finished-at="2024-06-27T11:22:57 IST" duration-ms="1917" status="PASS">
          <reporter-output>
          </reporter-output>
        </test-method> <!-- price_sorting -->
      </class> <!-- com.Ecommerce.Scripts.TestCase_Search -->
    </test> <!-- Test2 -->
  </suite> <!-- Suite -->
</testng-results>
